<?xml version="1.0" encoding="UTF-8"?>
<!-- Generated by org.testng.reporters.JUnitReportReporter -->
<testsuite hostname="Leenas-MacBook-Pro.local" name="testScripts.TS0012_UpdatePasswordwithValidData" tests="1" failures="0" timestamp="10 Nov 2017 12:17:46 GMT" time="4.238" errors="0">
  <testcase name="testLogin" time="4.238" classname="testScripts.TS0012_UpdatePasswordwithValidData"/>
</testsuite> <!-- testScripts.TS0012_UpdatePasswordwithValidData -->
