<?xml version="1.0" encoding="UTF-8"?>
<!-- Generated by org.testng.reporters.JUnitReportReporter -->
<testsuite hostname="Leenas-MacBook-Pro.local" name="testScripts.TS005_NewOrderPortIN" tests="2" failures="0" timestamp="13 Nov 2017 08:20:25 GMT" time="119.763" errors="0">
  <testcase name="VerifyLogin" time="1.337" classname="testScripts.TS005_NewOrderPortIN"/>
  <testcase name="portInOrder" time="118.426" classname="testScripts.TS005_NewOrderPortIN"/>
</testsuite> <!-- testScripts.TS005_NewOrderPortIN -->
