<?xml version="1.0" encoding="UTF-8"?>
<!-- Generated by org.testng.reporters.JUnitReportReporter -->
<testsuite hostname="Leenas-MacBook-Pro.local" name="testScripts.TS003_ProcessOrderOnAdminPortal" tests="1" failures="0" timestamp="13 Nov 2017 12:58:36 GMT" time="24.500" errors="0">
  <testcase name="login" time="24.500" classname="testScripts.TS003_ProcessOrderOnAdminPortal"/>
</testsuite> <!-- testScripts.TS003_ProcessOrderOnAdminPortal -->
