<?xml version="1.0" encoding="UTF-8"?>
<!-- Generated by org.testng.reporters.JUnitReportReporter -->
<testsuite hostname="Sumits-MacBook-Pro.local" name="testScripts.TS009_ChangeProfiledetailswithValidDetails" tests="1" failures="0" timestamp="15 Nov 2017 07:32:53 GMT" time="33.373" errors="0">
  <testcase name="changeNickname" time="33.373" classname="testScripts.TS009_ChangeProfiledetailswithValidDetails"/>
</testsuite> <!-- testScripts.TS009_ChangeProfiledetailswithValidDetails -->
