<?xml version="1.0" encoding="UTF-8"?>
<!-- Generated by org.testng.reporters.JUnitReportReporter -->
<testsuite hostname="Sumits-MacBook-Pro.local" name="testScripts.TS001_LoginExistingCustomer" tests="3" failures="0" timestamp="6 Dec 2017 15:30:33 GMT" time="2.159" errors="0">
  <testcase name="testLogin" time="2.090" classname="testScripts.TS001_LoginExistingCustomer"/>
  <testcase name="verifyLogoIsPresent" time="0.054" classname="testScripts.TS001_LoginExistingCustomer"/>
  <testcase name="verifyTitle" time="0.015" classname="testScripts.TS001_LoginExistingCustomer"/>
</testsuite> <!-- testScripts.TS001_LoginExistingCustomer -->
