<?xml version="1.0" encoding="UTF-8"?>
<!-- Generated by org.testng.reporters.JUnitReportReporter -->
<testsuite hostname="Leenas-MacBook-Pro.local" name="testScripts.TS0013_UpdatePasswordWithInvalidData" tests="1" failures="0" timestamp="13 Nov 2017 12:16:38 GMT" time="13.151" errors="0">
  <testcase name="testUpdatePassword" time="13.151" classname="testScripts.TS0013_UpdatePasswordWithInvalidData"/>
</testsuite> <!-- testScripts.TS0013_UpdatePasswordWithInvalidData -->
