<?xml version="1.0" encoding="UTF-8"?>
<!-- Generated by org.testng.reporters.JUnitReportReporter -->
<testsuite hostname="user-ThinkPad-E470" name="com.Circles.circlesAutomation.testScripts.TS001_LoginExistingCustomer" tests="3" failures="0" timestamp="30 Oct 2017 12:01:00 GMT" time="2.831" errors="0">
  <testcase name="verifyTitle" time="0.020" classname="com.Circles.circlesAutomation.testScripts.TS001_LoginExistingCustomer"/>
  <testcase name="testLogin" time="2.637" classname="com.Circles.circlesAutomation.testScripts.TS001_LoginExistingCustomer"/>
  <testcase name="verifyLogoIsPresent" time="0.174" classname="com.Circles.circlesAutomation.testScripts.TS001_LoginExistingCustomer"/>
</testsuite> <!-- com.Circles.circlesAutomation.testScripts.TS001_LoginExistingCustomer -->
