<?xml version="1.0" encoding="UTF-8"?>
<!-- Generated by org.testng.reporters.JUnitReportReporter -->
<testsuite hostname="Sumits-MacBook-Pro.local" name="testScripts.TS0010_PortInThroughApp" tests="1" failures="0" timestamp="15 Nov 2017 07:30:19 GMT" time="49.097" errors="0">
  <testcase name="portInMobile" time="49.097" classname="testScripts.TS0010_PortInThroughApp"/>
</testsuite> <!-- testScripts.TS0010_PortInThroughApp -->
